f:\code_clone\media_server_2019\recognition\identification\imageslayered\x64\release\imageslayered.pch
f:\code_clone\media_server_2019\recognition\identification\imageslayered\x64\release\vc140.pdb
f:\code_clone\media_server_2019\recognition\identification\imageslayered\x64\release\stdafx.obj
f:\code_clone\media_server_2019\recognition\identification\imageslayered\x64\release\test.obj
f:\code_clone\media_server_2019\recognition\identification\imageslayered\x64\release\restful_server.obj
f:\code_clone\media_server_2019\recognition\identification\imageslayered\x64\release\imageslayered.obj
f:\code_clone\media_server_2019\recognition\identification\imageslayered\x64\release\main.obj
f:\code_clone\media_server_2019\recognition\identification\imageslayered\x64\release\example-client-cpp11.obj
f:\code_clone\media_server_2019\recognition\identification\imageslayered\x64\release\easywsclient.obj
f:\code_clone\media_server_2019\recognition\identification\imageslayered\x64\release\occupancy.obj
f:\code_clone\media_server_2019\recognition\identification\bin\imageslayered.exe
f:\code_clone\media_server_2019\recognition\identification\bin\imageslayered.ipdb
f:\code_clone\media_server_2019\recognition\identification\bin\imageslayered.iobj
f:\code_clone\media_server_2019\recognition\identification\bin\imageslayered.pdb
f:\code_clone\media_server_2019\recognition\identification\imageslayered\x64\release\imageslayered.vcxprojresolveassemblyreference.cache
f:\code_clone\media_server_2019\recognition\identification\imageslayered\../bin\imageslayered.exe
f:\code_clone\media_server_2019\recognition\identification\imageslayered\x64\release\imageslayered.tlog\cl.command.1.tlog
f:\code_clone\media_server_2019\recognition\identification\imageslayered\x64\release\imageslayered.tlog\cl.read.1.tlog
f:\code_clone\media_server_2019\recognition\identification\imageslayered\x64\release\imageslayered.tlog\cl.write.1.tlog
f:\code_clone\media_server_2019\recognition\identification\imageslayered\x64\release\imageslayered.tlog\link.command.1.tlog
f:\code_clone\media_server_2019\recognition\identification\imageslayered\x64\release\imageslayered.tlog\link.read.1.tlog
f:\code_clone\media_server_2019\recognition\identification\imageslayered\x64\release\imageslayered.tlog\link.write.1.tlog
